This is pdfTeX, Version 3.14159265-2.6-1.40.16 (MiKTeX 2.9 64-bit) (preloaded format=pdflatex 2016.4.20)  22 DEC 2016 23:14
entering extended mode
**./main.tex
(main.tex
LaTeX2e <2015/10/01> patch level 2
Babel <3.9m> and hyphenation patterns for 69 languages loaded.
\@input{header.aux}
\openout2 = `header.aux'.

(header.tex
("C:\Users\Nils\AppData\Local\Programs\MiKTeX 2.9\tex\latex\koma-script\scrartc
l.cls"
Document Class: scrartcl 2015/10/03 v3.19a KOMA-Script document class (article)


("C:\Users\Nils\AppData\Local\Programs\MiKTeX 2.9\tex\latex\koma-script\scrkbas
e.sty"
Package: scrkbase 2015/10/03 v3.19a KOMA-Script package (KOMA-Script-dependent 
basics and keyval usage)

("C:\Users\Nils\AppData\Local\Programs\MiKTeX 2.9\tex\latex\koma-script\scrbase
.sty"
Package: scrbase 2015/10/03 v3.19a KOMA-Script package (KOMA-Script-independent
 basics and keyval usage)

("C:\Users\Nils\AppData\Local\Programs\MiKTeX 2.9\tex\latex\graphics\keyval.sty
"
Package: keyval 2014/10/28 v1.15 key=value parser (DPC)
\KV@toks@=\toks14
)
("C:\Users\Nils\AppData\Local\Programs\MiKTeX 2.9\tex\latex\koma-script\scrlfil
e.sty"
Package: scrlfile 2015/10/03 v3.19a KOMA-Script package (loading files)

Package scrlfile, 2015/10/03 v3.19a KOMA-Script package (loading files)
                  Copyright (C) Markus Kohm

)))
("C:\Users\Nils\AppData\Local\Programs\MiKTeX 2.9\tex\latex\koma-script\tocbasi
c.sty"
Package: tocbasic 2015/10/03 v3.19a KOMA-Script package (handling toc-files)
)
Package tocbasic Info: omitting babel extension for `toc'
(tocbasic)             because of feature `nobabel' available
(tocbasic)             for `toc' on input line 123.
Package tocbasic Info: omitting babel extension for `lof'
(tocbasic)             because of feature `nobabel' available
(tocbasic)             for `lof' on input line 124.
Package tocbasic Info: omitting babel extension for `lot'
(tocbasic)             because of feature `nobabel' available
(tocbasic)             for `lot' on input line 125.
Package scrartcl Info: You've used standard option `10pt'.
(scrartcl)             This is correct!
(scrartcl)             Internally I'm using `fontsize=10pt'.
(scrartcl)             If you'd like to set the option with \KOMAoptions,
(scrartcl)             you'd have to use `fontsize=10pt' there
(scrartcl)             instead of `10pt', too.
Class scrartcl Info: File `scrsize10pt.clo' used to setup font sizes on input l
ine 2033.

("C:\Users\Nils\AppData\Local\Programs\MiKTeX 2.9\tex\latex\koma-script\scrsize
10pt.clo"
File: scrsize10pt.clo 2015/10/03 v3.19a KOMA-Script font size class option (10p
t)
)
("C:\Users\Nils\AppData\Local\Programs\MiKTeX 2.9\tex\latex\koma-script\typeare
a.sty"
Package: typearea 2015/10/03 v3.19a KOMA-Script package (type area)

Package typearea, 2015/10/03 v3.19a KOMA-Script package (type area)
                  Copyright (C) Frank Neukam, 1992-1994
                  Copyright (C) Markus Kohm, 1994-

\ta@bcor=\skip41
\ta@div=\count79
Package typearea Info: You've used standard option `a4paper'.
(typearea)             This is correct!
(typearea)             Internally I'm using `paper=a4'.
(typearea)             If you'd like to set the option with \KOMAoptions,
(typearea)             you'd have to use `paper=a4' there
(typearea)             instead of `a4paper', too.
\ta@hblk=\skip42
\ta@vblk=\skip43
\ta@temp=\skip44
\footheight=\skip45
Package typearea Info: These are the values describing the layout:
(typearea)             DIV  = 8
(typearea)             BCOR = 0.0pt
(typearea)             \paperwidth      = 597.50793pt
(typearea)              \textwidth      = 373.44246pt
(typearea)              DIV departure   = -4%
(typearea)              \evensidemargin = 39.76274pt
(typearea)              \oddsidemargin  = 39.76274pt
(typearea)             \paperheight     = 845.04694pt
(typearea)              \textheight     = 538.0pt
(typearea)              \topmargin      = 0.36087pt
(typearea)              \headheight     = 15.0pt
(typearea)              \headsep        = 18.0pt
(typearea)              \topskip        = 10.0pt
(typearea)              \footskip       = 42.0pt
(typearea)              \baselineskip   = 12.0pt
(typearea)              on input line 1509.
)
\c@part=\count80
\c@section=\count81
\c@subsection=\count82
\c@subsubsection=\count83
\c@paragraph=\count84
\c@subparagraph=\count85
LaTeX Info: Redefining \textsubscript on input line 3906.
\abovecaptionskip=\skip46
\belowcaptionskip=\skip47
\c@pti@nb@sid@b@x=\box26
\c@figure=\count86
\c@table=\count87
\bibindent=\dimen102
) ("C:\Users\Nils\AppData\Local\Programs\MiKTeX 2.9\tex\latex\base\inputenc.sty
"
Package: inputenc 2015/03/17 v1.2c Input encoding file
\inpenc@prehook=\toks15
\inpenc@posthook=\toks16
 ("C:\Users\Nils\AppData\Local\Programs\MiKTeX 2.9\tex\latex\base\utf8.def"
File: utf8.def 2015/09/07 v1.1p UTF-8 support for inputenc
Now handling font encoding OML ...
... no UTF-8 mapping file for font encoding OML
Now handling font encoding T1 ...
... processing UTF-8 mapping file for font encoding T1

("C:\Users\Nils\AppData\Local\Programs\MiKTeX 2.9\tex\latex\base\t1enc.dfu"
File: t1enc.dfu 2015/09/07 v1.1p UTF-8 support for inputenc
   defining Unicode char U+00A0 (decimal 160)
   defining Unicode char U+00A1 (decimal 161)
   defining Unicode char U+00A3 (decimal 163)
   defining Unicode char U+00AB (decimal 171)
   defining Unicode char U+00AD (decimal 173)
   defining Unicode char U+00BB (decimal 187)
   defining Unicode char U+00BF (decimal 191)
   defining Unicode char U+00C0 (decimal 192)
   defining Unicode char U+00C1 (decimal 193)
   defining Unicode char U+00C2 (decimal 194)
   defining Unicode char U+00C3 (decimal 195)
   defining Unicode char U+00C4 (decimal 196)
   defining Unicode char U+00C5 (decimal 197)
   defining Unicode char U+00C6 (decimal 198)
   defining Unicode char U+00C7 (decimal 199)
   defining Unicode char U+00C8 (decimal 200)
   defining Unicode char U+00C9 (decimal 201)
   defining Unicode char U+00CA (decimal 202)
   defining Unicode char U+00CB (decimal 203)
   defining Unicode char U+00CC (decimal 204)
   defining Unicode char U+00CD (decimal 205)
   defining Unicode char U+00CE (decimal 206)
   defining Unicode char U+00CF (decimal 207)
   defining Unicode char U+00D0 (decimal 208)
   defining Unicode char U+00D1 (decimal 209)
   defining Unicode char U+00D2 (decimal 210)
   defining Unicode char U+00D3 (decimal 211)
   defining Unicode char U+00D4 (decimal 212)
   defining Unicode char U+00D5 (decimal 213)
   defining Unicode char U+00D6 (decimal 214)
   defining Unicode char U+00D8 (decimal 216)
   defining Unicode char U+00D9 (decimal 217)
   defining Unicode char U+00DA (decimal 218)
   defining Unicode char U+00DB (decimal 219)
   defining Unicode char U+00DC (decimal 220)
   defining Unicode char U+00DD (decimal 221)
   defining Unicode char U+00DE (decimal 222)
   defining Unicode char U+00DF (decimal 223)
   defining Unicode char U+00E0 (decimal 224)
   defining Unicode char U+00E1 (decimal 225)
   defining Unicode char U+00E2 (decimal 226)
   defining Unicode char U+00E3 (decimal 227)
   defining Unicode char U+00E4 (decimal 228)
   defining Unicode char U+00E5 (decimal 229)
   defining Unicode char U+00E6 (decimal 230)
   defining Unicode char U+00E7 (decimal 231)
   defining Unicode char U+00E8 (decimal 232)
   defining Unicode char U+00E9 (decimal 233)
   defining Unicode char U+00EA (decimal 234)
   defining Unicode char U+00EB (decimal 235)
   defining Unicode char U+00EC (decimal 236)
   defining Unicode char U+00ED (decimal 237)
   defining Unicode char U+00EE (decimal 238)
   defining Unicode char U+00EF (decimal 239)
   defining Unicode char U+00F0 (decimal 240)
   defining Unicode char U+00F1 (decimal 241)
   defining Unicode char U+00F2 (decimal 242)
   defining Unicode char U+00F3 (decimal 243)
   defining Unicode char U+00F4 (decimal 244)
   defining Unicode char U+00F5 (decimal 245)
   defining Unicode char U+00F6 (decimal 246)
   defining Unicode char U+00F8 (decimal 248)
   defining Unicode char U+00F9 (decimal 249)
   defining Unicode char U+00FA (decimal 250)
   defining Unicode char U+00FB (decimal 251)
   defining Unicode char U+00FC (decimal 252)
   defining Unicode char U+00FD (decimal 253)
   defining Unicode char U+00FE (decimal 254)
   defining Unicode char U+00FF (decimal 255)
   defining Unicode char U+0102 (decimal 258)
   defining Unicode char U+0103 (decimal 259)
   defining Unicode char U+0104 (decimal 260)
   defining Unicode char U+0105 (decimal 261)
   defining Unicode char U+0106 (decimal 262)
   defining Unicode char U+0107 (decimal 263)
   defining Unicode char U+010C (decimal 268)
   defining Unicode char U+010D (decimal 269)
   defining Unicode char U+010E (decimal 270)
   defining Unicode char U+010F (decimal 271)
   defining Unicode char U+0110 (decimal 272)
   defining Unicode char U+0111 (decimal 273)
   defining Unicode char U+0118 (decimal 280)
   defining Unicode char U+0119 (decimal 281)
   defining Unicode char U+011A (decimal 282)
   defining Unicode char U+011B (decimal 283)
   defining Unicode char U+011E (decimal 286)
   defining Unicode char U+011F (decimal 287)
   defining Unicode char U+0130 (decimal 304)
   defining Unicode char U+0131 (decimal 305)
   defining Unicode char U+0132 (decimal 306)
   defining Unicode char U+0133 (decimal 307)
   defining Unicode char U+0139 (decimal 313)
   defining Unicode char U+013A (decimal 314)
   defining Unicode char U+013D (decimal 317)
   defining Unicode char U+013E (decimal 318)
   defining Unicode char U+0141 (decimal 321)
   defining Unicode char U+0142 (decimal 322)
   defining Unicode char U+0143 (decimal 323)
   defining Unicode char U+0144 (decimal 324)
   defining Unicode char U+0147 (decimal 327)
   defining Unicode char U+0148 (decimal 328)
   defining Unicode char U+014A (decimal 330)
   defining Unicode char U+014B (decimal 331)
   defining Unicode char U+0150 (decimal 336)
   defining Unicode char U+0151 (decimal 337)
   defining Unicode char U+0152 (decimal 338)
   defining Unicode char U+0153 (decimal 339)
   defining Unicode char U+0154 (decimal 340)
   defining Unicode char U+0155 (decimal 341)
   defining Unicode char U+0158 (decimal 344)
   defining Unicode char U+0159 (decimal 345)
   defining Unicode char U+015A (decimal 346)
   defining Unicode char U+015B (decimal 347)
   defining Unicode char U+015E (decimal 350)
   defining Unicode char U+015F (decimal 351)
   defining Unicode char U+0160 (decimal 352)
   defining Unicode char U+0161 (decimal 353)
   defining Unicode char U+0162 (decimal 354)
   defining Unicode char U+0163 (decimal 355)
   defining Unicode char U+0164 (decimal 356)
   defining Unicode char U+0165 (decimal 357)
   defining Unicode char U+016E (decimal 366)
   defining Unicode char U+016F (decimal 367)
   defining Unicode char U+0170 (decimal 368)
   defining Unicode char U+0171 (decimal 369)
   defining Unicode char U+0174 (decimal 372)
   defining Unicode char U+0175 (decimal 373)
   defining Unicode char U+0176 (decimal 374)
   defining Unicode char U+0177 (decimal 375)
   defining Unicode char U+0178 (decimal 376)
   defining Unicode char U+0179 (decimal 377)
   defining Unicode char U+017A (decimal 378)
   defining Unicode char U+017B (decimal 379)
   defining Unicode char U+017C (decimal 380)
   defining Unicode char U+017D (decimal 381)
   defining Unicode char U+017E (decimal 382)
   defining Unicode char U+0218 (decimal 536)
   defining Unicode char U+0219 (decimal 537)
   defining Unicode char U+021A (decimal 538)
   defining Unicode char U+021B (decimal 539)
   defining Unicode char U+200C (decimal 8204)
   defining Unicode char U+2013 (decimal 8211)
   defining Unicode char U+2014 (decimal 8212)
   defining Unicode char U+2018 (decimal 8216)
   defining Unicode char U+2019 (decimal 8217)
   defining Unicode char U+201A (decimal 8218)
   defining Unicode char U+201C (decimal 8220)
   defining Unicode char U+201D (decimal 8221)
   defining Unicode char U+201E (decimal 8222)
   defining Unicode char U+2030 (decimal 8240)
   defining Unicode char U+2031 (decimal 8241)
   defining Unicode char U+2039 (decimal 8249)
   defining Unicode char U+203A (decimal 8250)
   defining Unicode char U+2423 (decimal 9251)
)
Now handling font encoding OT1 ...
... processing UTF-8 mapping file for font encoding OT1

("C:\Users\Nils\AppData\Local\Programs\MiKTeX 2.9\tex\latex\base\ot1enc.dfu"
File: ot1enc.dfu 2015/09/07 v1.1p UTF-8 support for inputenc
   defining Unicode char U+00A0 (decimal 160)
   defining Unicode char U+00A1 (decimal 161)
   defining Unicode char U+00A3 (decimal 163)
   defining Unicode char U+00AD (decimal 173)
   defining Unicode char U+00B8 (decimal 184)
   defining Unicode char U+00BF (decimal 191)
   defining Unicode char U+00C5 (decimal 197)
   defining Unicode char U+00C6 (decimal 198)
   defining Unicode char U+00D8 (decimal 216)
   defining Unicode char U+00DF (decimal 223)
   defining Unicode char U+00E6 (decimal 230)
   defining Unicode char U+00EC (decimal 236)
   defining Unicode char U+00ED (decimal 237)
   defining Unicode char U+00EE (decimal 238)
   defining Unicode char U+00EF (decimal 239)
   defining Unicode char U+00F8 (decimal 248)
   defining Unicode char U+0131 (decimal 305)
   defining Unicode char U+0141 (decimal 321)
   defining Unicode char U+0142 (decimal 322)
   defining Unicode char U+0152 (decimal 338)
   defining Unicode char U+0153 (decimal 339)
   defining Unicode char U+0174 (decimal 372)
   defining Unicode char U+0175 (decimal 373)
   defining Unicode char U+0176 (decimal 374)
   defining Unicode char U+0177 (decimal 375)
   defining Unicode char U+0218 (decimal 536)
   defining Unicode char U+0219 (decimal 537)
   defining Unicode char U+021A (decimal 538)
   defining Unicode char U+021B (decimal 539)
   defining Unicode char U+2013 (decimal 8211)
   defining Unicode char U+2014 (decimal 8212)
   defining Unicode char U+2018 (decimal 8216)
   defining Unicode char U+2019 (decimal 8217)
   defining Unicode char U+201C (decimal 8220)
   defining Unicode char U+201D (decimal 8221)
)
Now handling font encoding OMS ...
... processing UTF-8 mapping file for font encoding OMS

("C:\Users\Nils\AppData\Local\Programs\MiKTeX 2.9\tex\latex\base\omsenc.dfu"
File: omsenc.dfu 2015/09/07 v1.1p UTF-8 support for inputenc
   defining Unicode char U+00A7 (decimal 167)
   defining Unicode char U+00B6 (decimal 182)
   defining Unicode char U+00B7 (decimal 183)
   defining Unicode char U+2020 (decimal 8224)
   defining Unicode char U+2021 (decimal 8225)
   defining Unicode char U+2022 (decimal 8226)
)
Now handling font encoding OMX ...
... no UTF-8 mapping file for font encoding OMX
Now handling font encoding U ...
... no UTF-8 mapping file for font encoding U
   defining Unicode char U+00A9 (decimal 169)
   defining Unicode char U+00AA (decimal 170)
   defining Unicode char U+00AE (decimal 174)
   defining Unicode char U+00BA (decimal 186)
   defining Unicode char U+02C6 (decimal 710)
   defining Unicode char U+02DC (decimal 732)
   defining Unicode char U+200C (decimal 8204)
   defining Unicode char U+2026 (decimal 8230)
   defining Unicode char U+2122 (decimal 8482)
   defining Unicode char U+2423 (decimal 9251)
)) ("C:\Users\Nils\AppData\Local\Programs\MiKTeX 2.9\tex\generic\babel\babel.st
y"
Package: babel 2015/08/03 3.9m The Babel package
*************************************
* Local config file bblopts.cfg used
*

("C:\Users\Nils\AppData\Local\Programs\MiKTeX 2.9\tex\latex\00miktex\bblopts.cf
g"
File: bblopts.cfg 2006/07/31 v1.0 MiKTeX 'babel' configuration
)
("C:\Users\Nils\AppData\Local\Programs\MiKTeX 2.9\tex\latex\babel-german\ngerma
n.ldf"
Language: ngerman 2013/12/13 v2.7 German support for babel (new orthography)

("C:\Users\Nils\AppData\Local\Programs\MiKTeX 2.9\tex\latex\babel-german\ngerma
nb.ldf"
Language: ngermanb 2013/12/13 v2.7 German support for babel (new orthography)

("C:\Users\Nils\AppData\Local\Programs\MiKTeX 2.9\tex\generic\babel\babel.def"
File: babel.def 2015/08/03 3.9m Babel common definitions
\babel@savecnt=\count88
\U@D=\dimen103
)
\l@naustrian = a dialect from \language\l@ngerman 
\l@nswissgerman = a dialect from \language\l@ngerman 
Package babel Info: Making " an active character on input line 88.
))) ("C:\Users\Nils\AppData\Local\Programs\MiKTeX 2.9\tex\latex\base\fontenc.st
y"
Package: fontenc 2005/09/27 v1.99g Standard LaTeX package
 ("C:\Users\Nils\AppData\Local\Programs\MiKTeX 2.9\tex\latex\base\t1enc.def"
File: t1enc.def 2005/09/27 v1.99g Standard LaTeX file
LaTeX Font Info:    Redeclaring font encoding T1 on input line 48.
))
("C:\Users\Nils\AppData\Local\Programs\MiKTeX 2.9\tex\latex\amsmath\amsmath.sty
"
Package: amsmath 2013/01/14 v2.14 AMS math features
\@mathmargin=\skip48

For additional information on amsmath, use the `?' option.
("C:\Users\Nils\AppData\Local\Programs\MiKTeX 2.9\tex\latex\amsmath\amstext.sty
"
Package: amstext 2000/06/29 v2.01
 ("C:\Users\Nils\AppData\Local\Programs\MiKTeX 2.9\tex\latex\amsmath\amsgen.sty
"
File: amsgen.sty 1999/11/30 v2.0
\@emptytoks=\toks17
\ex@=\dimen104
))
("C:\Users\Nils\AppData\Local\Programs\MiKTeX 2.9\tex\latex\amsmath\amsbsy.sty"
Package: amsbsy 1999/11/29 v1.2d
\pmbraise@=\dimen105
) ("C:\Users\Nils\AppData\Local\Programs\MiKTeX 2.9\tex\latex\amsmath\amsopn.st
y"
Package: amsopn 1999/12/14 v2.01 operator names
)
\inf@bad=\count89
LaTeX Info: Redefining \frac on input line 210.
\uproot@=\count90
\leftroot@=\count91
LaTeX Info: Redefining \overline on input line 306.
\classnum@=\count92
\DOTSCASE@=\count93
LaTeX Info: Redefining \ldots on input line 378.
LaTeX Info: Redefining \dots on input line 381.
LaTeX Info: Redefining \cdots on input line 466.
\Mathstrutbox@=\box27
\strutbox@=\box28
\big@size=\dimen106
LaTeX Font Info:    Redeclaring font encoding OML on input line 566.
LaTeX Font Info:    Redeclaring font encoding OMS on input line 567.
\macc@depth=\count94
\c@MaxMatrixCols=\count95
\dotsspace@=\muskip10
\c@parentequation=\count96
\dspbrk@lvl=\count97
\tag@help=\toks18
\row@=\count98
\column@=\count99
\maxfields@=\count100
\andhelp@=\toks19
\eqnshift@=\dimen107
\alignsep@=\dimen108
\tagshift@=\dimen109
\tagwidth@=\dimen110
\totwidth@=\dimen111
\lineht@=\dimen112
\@envbody=\toks20
\multlinegap=\skip49
\multlinetaggap=\skip50
\mathdisplay@stack=\toks21
LaTeX Info: Redefining \[ on input line 2665.
LaTeX Info: Redefining \] on input line 2666.
)
("C:\Users\Nils\AppData\Local\Programs\MiKTeX 2.9\tex\latex\graphics\graphicx.s
ty"
Package: graphicx 2014/10/28 v1.0g Enhanced LaTeX Graphics (DPC,SPQR)

("C:\Users\Nils\AppData\Local\Programs\MiKTeX 2.9\tex\latex\graphics\graphics.s
ty"
Package: graphics 2014/10/28 v1.0p Standard LaTeX Graphics (DPC,SPQR)

("C:\Users\Nils\AppData\Local\Programs\MiKTeX 2.9\tex\latex\graphics\trig.sty"
Package: trig 1999/03/16 v1.09 sin cos tan (DPC)
)
("C:\Users\Nils\AppData\Local\Programs\MiKTeX 2.9\tex\latex\00miktex\graphics.c
fg"
File: graphics.cfg 2007/01/18 v1.5 graphics configuration of teTeX/TeXLive
)
Package graphics Info: Driver file: pdftex.def on input line 94.

("C:\Users\Nils\AppData\Local\Programs\MiKTeX 2.9\tex\latex\pdftex-def\pdftex.d
ef"
File: pdftex.def 2011/05/27 v0.06d Graphics/color for pdfTeX

("C:\Users\Nils\AppData\Local\Programs\MiKTeX 2.9\tex\generic\oberdiek\infwarer
r.sty"
Package: infwarerr 2010/04/08 v1.3 Providing info/warning/error messages (HO)
)
("C:\Users\Nils\AppData\Local\Programs\MiKTeX 2.9\tex\generic\oberdiek\ltxcmds.
sty"
Package: ltxcmds 2011/11/09 v1.22 LaTeX kernel commands for general use (HO)
)
\Gread@gobject=\count101
))
\Gin@req@height=\dimen113
\Gin@req@width=\dimen114
)
("C:\Users\Nils\AppData\Local\Programs\MiKTeX 2.9\tex\latex\cite\cite.sty"
LaTeX Info: Redefining \cite on input line 302.
LaTeX Info: Redefining \nocite on input line 332.
Package: cite 2015/02/27  v 5.5
)
("C:\Users\Nils\AppData\Local\Programs\MiKTeX 2.9\tex\latex\float\float.sty"
Package: float 2001/11/08 v1.3d Float enhancements (AL)
\c@float@type=\count102
\float@exts=\toks22
\float@box=\box29
\@float@everytoks=\toks23
\@floatcapt=\box30
)
\@float@every@figure=\toks24

("C:\Users\Nils\AppData\Local\Programs\MiKTeX 2.9\tex\latex\graphics\color.sty"
Package: color 2014/10/28 v1.1a Standard LaTeX Color (DPC)
("C:\Users\Nils\AppData\Local\Programs\MiKTeX 2.9\tex\latex\00miktex\color.cfg"
File: color.cfg 2007/01/18 v1.5 color configuration of teTeX/TeXLive
)
Package color Info: Driver file: pdftex.def on input line 142.
)
("C:\Users\Nils\AppData\Local\Programs\MiKTeX 2.9\tex\latex\listings\listings.s
ty"
\lst@mode=\count103
\lst@gtempboxa=\box31
\lst@token=\toks25
\lst@length=\count104
\lst@currlwidth=\dimen115
\lst@column=\count105
\lst@pos=\count106
\lst@lostspace=\dimen116
\lst@width=\dimen117
\lst@newlines=\count107
\lst@lineno=\count108
\lst@maxwidth=\dimen118

("C:\Users\Nils\AppData\Local\Programs\MiKTeX 2.9\tex\latex\listings\lstmisc.st
y"
File: lstmisc.sty 2015/06/04 1.6 (Carsten Heinz)
\c@lstnumber=\count109
\lst@skipnumbers=\count110
\lst@framebox=\box32
)
("C:\Users\Nils\AppData\Local\Programs\MiKTeX 2.9\tex\latex\listings\listings.c
fg"
File: listings.cfg 2015/06/04 1.6 listings configuration
))
Package: listings 2015/06/04 1.6 (Carsten Heinz)

("C:\Users\Nils\AppData\Local\Programs\MiKTeX 2.9\tex\latex\bera\beramono.sty"
Package: beramono 2004/01/31 (WaS)
)

Class scrartcl Warning: Usage of package `fancyhdr' together
(scrartcl)              with a KOMA-Script class is not recommended.
(scrartcl)              I'd suggest to use 
(scrartcl)              package `scrlayer-scrpage'.
(scrartcl)              Nevertheless, using requested
(scrartcl)              package `fancyhdr' on input line 53.


("C:\Users\Nils\AppData\Local\Programs\MiKTeX 2.9\tex\latex\fancyhdr\fancyhdr.s
ty"
\fancy@headwidth=\skip51
\f@ncyO@elh=\skip52
\f@ncyO@erh=\skip53
\f@ncyO@olh=\skip54
\f@ncyO@orh=\skip55
\f@ncyO@elf=\skip56
\f@ncyO@erf=\skip57
\f@ncyO@olf=\skip58
\f@ncyO@orf=\skip59
)
("C:\Users\Nils\AppData\Local\Programs\MiKTeX 2.9\tex\latex\tools\multicol.sty"
Package: multicol 2015/08/19 v1.8n multicolumn formatting (FMi)
\c@tracingmulticols=\count111
\mult@box=\box33
\multicol@leftmargin=\dimen119
\c@unbalance=\count112
\c@collectmore=\count113
\doublecol@number=\count114
\multicoltolerance=\count115
\multicolpretolerance=\count116
\full@width=\dimen120
\page@free=\dimen121
\premulticols=\dimen122
\postmulticols=\dimen123
\multicolsep=\skip60
\multicolbaselineskip=\skip61
\partial@page=\box34
\last@line=\box35
\maxbalancingoverflow=\dimen124
\mult@rightbox=\box36
\mult@grightbox=\box37
\mult@gfirstbox=\box38
\mult@firstbox=\box39
\@tempa=\box40
\@tempa=\box41
\@tempa=\box42
\@tempa=\box43
\@tempa=\box44
\@tempa=\box45
\@tempa=\box46
\@tempa=\box47
\@tempa=\box48
\@tempa=\box49
\@tempa=\box50
\@tempa=\box51
\@tempa=\box52
\@tempa=\box53
\@tempa=\box54
\@tempa=\box55
\@tempa=\box56
\c@columnbadness=\count117
\c@finalcolumnbadness=\count118
\last@try=\dimen125
\multicolovershoot=\dimen126
\multicolundershoot=\dimen127
\mult@nat@firstbox=\box57
\colbreak@box=\box58
\mc@col@check@num=\count119
)
("C:\Users\Nils\AppData\Local\Programs\MiKTeX 2.9\tex\latex\hyperref\hyperref.s
ty"
Package: hyperref 2012/11/06 v6.83m Hypertext links for LaTeX

("C:\Users\Nils\AppData\Local\Programs\MiKTeX 2.9\tex\generic\oberdiek\hobsub-h
yperref.sty"
Package: hobsub-hyperref 2012/04/25 v1.12 Bundle oberdiek, subset hyperref (HO)


("C:\Users\Nils\AppData\Local\Programs\MiKTeX 2.9\tex\generic\oberdiek\hobsub-g
eneric.sty"
Package: hobsub-generic 2012/04/25 v1.12 Bundle oberdiek, subset generic (HO)
Package: hobsub 2012/04/25 v1.12 Construct package bundles (HO)
Package hobsub Info: Skipping package `infwarerr' (already loaded).
Package hobsub Info: Skipping package `ltxcmds' (already loaded).
Package: ifluatex 2010/03/01 v1.3 Provides the ifluatex switch (HO)
Package ifluatex Info: LuaTeX not detected.
Package: ifvtex 2010/03/01 v1.5 Detect VTeX and its facilities (HO)
Package ifvtex Info: VTeX not detected.
Package: intcalc 2007/09/27 v1.1 Expandable calculations with integers (HO)
Package: ifpdf 2011/01/30 v2.3 Provides the ifpdf switch (HO)
Package ifpdf Info: pdfTeX in PDF mode is detected.
Package: etexcmds 2011/02/16 v1.5 Avoid name clashes with e-TeX commands (HO)
Package etexcmds Info: Could not find \expanded.
(etexcmds)             That can mean that you are not using pdfTeX 1.50 or
(etexcmds)             that some package has redefined \expanded.
(etexcmds)             In the latter case, load this package earlier.
Package: kvsetkeys 2012/04/25 v1.16 Key value parser (HO)
Package: kvdefinekeys 2011/04/07 v1.3 Define keys (HO)
Package: pdftexcmds 2011/11/29 v0.20 Utility functions of pdfTeX for LuaTeX (HO
)
Package pdftexcmds Info: LuaTeX not detected.
Package pdftexcmds Info: \pdf@primitive is available.
Package pdftexcmds Info: \pdf@ifprimitive is available.
Package pdftexcmds Info: \pdfdraftmode found.
Package: pdfescape 2011/11/25 v1.13 Implements pdfTeX's escape features (HO)
Package: bigintcalc 2012/04/08 v1.3 Expandable calculations on big integers (HO
)
Package: bitset 2011/01/30 v1.1 Handle bit-vector datatype (HO)
Package: uniquecounter 2011/01/30 v1.2 Provide unlimited unique counter (HO)
)
Package hobsub Info: Skipping package `hobsub' (already loaded).
Package: letltxmacro 2010/09/02 v1.4 Let assignment for LaTeX macros (HO)
Package: hopatch 2011/06/24 v1.1 Wrapper for package hooks (HO)
Package: xcolor-patch 2011/01/30 xcolor patch
Package: atveryend 2011/06/30 v1.8 Hooks at the very end of document (HO)
Package atveryend Info: \enddocument detected (standard20110627).
Package: atbegshi 2011/10/05 v1.16 At begin shipout hook (HO)
Package: refcount 2011/10/16 v3.4 Data extraction from label references (HO)
Package: hycolor 2011/01/30 v1.7 Color options for hyperref/bookmark (HO)
)
("C:\Users\Nils\AppData\Local\Programs\MiKTeX 2.9\tex\generic\ifxetex\ifxetex.s
ty"
Package: ifxetex 2010/09/12 v0.6 Provides ifxetex conditional
)
("C:\Users\Nils\AppData\Local\Programs\MiKTeX 2.9\tex\latex\oberdiek\auxhook.st
y"
Package: auxhook 2011/03/04 v1.3 Hooks for auxiliary files (HO)
)
("C:\Users\Nils\AppData\Local\Programs\MiKTeX 2.9\tex\latex\oberdiek\kvoptions.
sty"
Package: kvoptions 2011/06/30 v3.11 Key value format for package options (HO)
)
\@linkdim=\dimen128
\Hy@linkcounter=\count120
\Hy@pagecounter=\count121

("C:\Users\Nils\AppData\Local\Programs\MiKTeX 2.9\tex\latex\hyperref\pd1enc.def
"
File: pd1enc.def 2012/11/06 v6.83m Hyperref: PDFDocEncoding definition (HO)
Now handling font encoding PD1 ...
... no UTF-8 mapping file for font encoding PD1
)
\Hy@SavedSpaceFactor=\count122

("C:\Users\Nils\AppData\Local\Programs\MiKTeX 2.9\tex\latex\00miktex\hyperref.c
fg"
File: hyperref.cfg 2002/06/06 v1.2 hyperref configuration of TeXLive
)
Package hyperref Info: Hyper figures OFF on input line 4443.
Package hyperref Info: Link nesting OFF on input line 4448.
Package hyperref Info: Hyper index ON on input line 4451.
Package hyperref Info: Plain pages OFF on input line 4458.
Package hyperref Info: Backreferencing OFF on input line 4463.
Package hyperref Info: Implicit mode ON; LaTeX internals redefined.
Package hyperref Info: Bookmarks ON on input line 4688.
\c@Hy@tempcnt=\count123
 ("C:\Users\Nils\AppData\Local\Programs\MiKTeX 2.9\tex\latex\url\url.sty"
\Urlmuskip=\muskip11
Package: url 2013/09/16  ver 3.4  Verb mode for urls, etc.
)
LaTeX Info: Redefining \url on input line 5041.
\XeTeXLinkMargin=\dimen129
\Fld@menulength=\count124
\Field@Width=\dimen130
\Fld@charsize=\dimen131
Package hyperref Info: Hyper figures OFF on input line 6295.
Package hyperref Info: Link nesting OFF on input line 6300.
Package hyperref Info: Hyper index ON on input line 6303.
Package hyperref Info: backreferencing OFF on input line 6310.
Package hyperref Info: Link coloring OFF on input line 6315.
Package hyperref Info: Link coloring with OCG OFF on input line 6320.
Package hyperref Info: PDF/A mode OFF on input line 6325.
LaTeX Info: Redefining \ref on input line 6365.
LaTeX Info: Redefining \pageref on input line 6369.
\Hy@abspage=\count125
\c@Item=\count126
\c@Hfootnote=\count127
)

Package hyperref Message: Driver (autodetected): hpdftex.


("C:\Users\Nils\AppData\Local\Programs\MiKTeX 2.9\tex\latex\hyperref\hpdftex.de
f"
File: hpdftex.def 2012/11/06 v6.83m Hyperref driver for pdfTeX
\Fld@listcount=\count128
\c@bookmark@seq@number=\count129

("C:\Users\Nils\AppData\Local\Programs\MiKTeX 2.9\tex\latex\oberdiek\rerunfilec
heck.sty"
Package: rerunfilecheck 2011/04/15 v1.7 Rerun checks for auxiliary files (HO)
Package uniquecounter Info: New unique counter `rerunfilecheck' on input line 2
82.
)
\Hy@SectionHShift=\skip62
)
("C:\Users\Nils\AppData\Local\Programs\MiKTeX 2.9\tex\latex\geometry\geometry.s
ty"
Package: geometry 2010/09/12 v5.6 Page Geometry
\Gm@cnth=\count130
\Gm@cntv=\count131
\c@Gm@tempcnt=\count132
\Gm@bindingoffset=\dimen132
\Gm@wd@mp=\dimen133
\Gm@odd@mp=\dimen134
\Gm@even@mp=\dimen135
\Gm@layoutwidth=\dimen136
\Gm@layoutheight=\dimen137
\Gm@layouthoffset=\dimen138
\Gm@layoutvoffset=\dimen139
\Gm@dimlist=\toks26

("C:\Users\Nils\AppData\Local\Programs\MiKTeX 2.9\tex\latex\geometry\geometry.c
fg"))
("C:\Users\Nils\AppData\Local\Programs\MiKTeX 2.9\tex\latex\booktabs\booktabs.s
ty"
Package: booktabs 2005/04/14 v1.61803 publication quality tables
\heavyrulewidth=\dimen140
\lightrulewidth=\dimen141
\cmidrulewidth=\dimen142
\belowrulesep=\dimen143
\belowbottomsep=\dimen144
\aboverulesep=\dimen145
\abovetopsep=\dimen146
\cmidrulesep=\dimen147
\cmidrulekern=\dimen148
\defaultaddspace=\dimen149
\@cmidla=\count133
\@cmidlb=\count134
\@aboverulesep=\dimen150
\@belowrulesep=\dimen151
\@thisruleclass=\count135
\@lastruleclass=\count136
\@thisrulewidth=\dimen152
)) (main.aux (titlepage.aux))
\openout1 = `main.aux'.

LaTeX Font Info:    Checking defaults for OML/cmm/m/it on input line 19.
LaTeX Font Info:    ... okay on input line 19.
LaTeX Font Info:    Checking defaults for T1/cmr/m/n on input line 19.
LaTeX Font Info:    ... okay on input line 19.
LaTeX Font Info:    Checking defaults for OT1/cmr/m/n on input line 19.
LaTeX Font Info:    ... okay on input line 19.
LaTeX Font Info:    Checking defaults for OMS/cmsy/m/n on input line 19.
LaTeX Font Info:    ... okay on input line 19.
LaTeX Font Info:    Checking defaults for OMX/cmex/m/n on input line 19.
LaTeX Font Info:    ... okay on input line 19.
LaTeX Font Info:    Checking defaults for U/cmr/m/n on input line 19.
LaTeX Font Info:    ... okay on input line 19.
LaTeX Font Info:    Checking defaults for PD1/pdf/m/n on input line 19.
LaTeX Font Info:    ... okay on input line 19.

("C:\Users\Nils\AppData\Local\Programs\MiKTeX 2.9\tex\context\base\supp-pdf.mki
i"
[Loading MPS to PDF converter (version 2006.09.02).]
\scratchcounter=\count137
\scratchdimen=\dimen153
\scratchbox=\box59
\nofMPsegments=\count138
\nofMParguments=\count139
\everyMPshowfont=\toks27
\MPscratchCnt=\count140
\MPscratchDim=\dimen154
\MPnumerator=\count141
\makeMPintoPDFobject=\count142
\everyMPtoPDFconversion=\toks28
)
\c@lstlisting=\count143
\AtBeginShipoutBox=\box60
Package hyperref Info: Link coloring OFF on input line 19.

("C:\Users\Nils\AppData\Local\Programs\MiKTeX 2.9\tex\latex\hyperref\nameref.st
y"
Package: nameref 2012/10/27 v2.43 Cross-referencing by name of section

("C:\Users\Nils\AppData\Local\Programs\MiKTeX 2.9\tex\generic\oberdiek\gettitle
string.sty"
Package: gettitlestring 2010/12/03 v1.4 Cleanup title references (HO)
)
\c@section@level=\count144
)
LaTeX Info: Redefining \ref on input line 19.
LaTeX Info: Redefining \pageref on input line 19.
LaTeX Info: Redefining \nameref on input line 19.
 (main.out) (main.out)
\@outlinefile=\write3
\openout3 = `main.out'.


*geometry* driver: auto-detecting
*geometry* detected driver: pdftex
*geometry* verbose mode - [ preamble ] result:
* driver: pdftex
* paper: a4paper
* layout: <same size as paper>
* layoutoffset:(h,v)=(0.0pt,0.0pt)
* modes: 
* h-part:(L,W,R)=(90.3375pt, 416.83289pt, 90.3375pt)
* v-part:(T,H,B)=(108.405pt, 610.16936pt, 126.47249pt)
* \paperwidth=597.50787pt
* \paperheight=845.04684pt
* \textwidth=416.83289pt
* \textheight=610.16936pt
* \oddsidemargin=18.0675pt
* \evensidemargin=18.0675pt
* \topmargin=3.13501pt
* \headheight=15.0pt
* \headsep=18.0pt
* \topskip=10.0pt
* \footskip=42.0pt
* \marginparwidth=74.68849pt
* \marginparsep=12.8401pt
* \columnsep=10.0pt
* \skip\footins=9.0pt plus 4.0pt minus 2.0pt
* \hoffset=0.0pt
* \voffset=0.0pt
* \mag=1000
* \@twocolumnfalse
* \@twosidefalse
* \@mparswitchfalse
* \@reversemarginfalse
* (1in=72.27pt=25.4mm, 1cm=28.453pt)

\openout2 = `titlepage.aux'.

(titlepage.tex <haw_logo_hd.png, id=75, 3030.07031pt x 889.07156pt>
File: haw_logo_hd.png Graphic file (type png)

<use haw_logo_hd.png>
Package pdftex.def Info: haw_logo_hd.png used on input line 4.
(pdftex.def)             Requested size: 242.41058pt x 71.12717pt.
Package babel Info: Redefining ngerman shorthand "|
(babel)             in language  on input line 47.
Package babel Info: Redefining ngerman shorthand "~
(babel)             in language  on input line 47.
Package babel Info: Redefining ngerman shorthand "|
(babel)             in language  on input line 47.
Package babel Info: Redefining ngerman shorthand "~
(babel)             in language  on input line 47.
 [1




{C:/Users/Nils/AppData/Local/MiKTeX/2.9/pdftex/config/pdftex.map} <./haw_logo_h
d.png>])
LaTeX Font Info:    Try loading font information for T1+cmss on input line 26.

("C:\Users\Nils\AppData\Local\Programs\MiKTeX 2.9\tex\latex\base\t1cmss.fd"
File: t1cmss.fd 2014/09/29 v2.5h Standard LaTeX font definitions
)
(main.lot)
\tf@lot=\write4
\openout4 = `main.lot'.

 (main.lof)
\tf@lof=\write5
\openout5 = `main.lof'.



Class scrartcl Warning: \float@listhead detected!
(scrartcl)              Implementation of \float@listhead became
(scrartcl)              deprecated in KOMA-Script v3.01 2008/11/14 and
(scrartcl)              has been replaced by several more flexible
(scrartcl)              features of package `tocbasic`.
(scrartcl)              Maybe implementation of \float@listhead will
(scrartcl)              be removed from KOMA-Script soon.
(scrartcl)              Loading of package `scrhack' may help to
(scrartcl)              avoid this warning, if you are using a
(scrartcl)              a package that still implements the
(scrartcl)              deprecated \float@listhead interface  on input line 28.


(main.lol)
\tf@lol=\write6
\openout6 = `main.lol'.

Package babel Info: Redefining ngerman shorthand "|
(babel)             in language  on input line 30.
Package babel Info: Redefining ngerman shorthand "~
(babel)             in language  on input line 30.
Package babel Info: Redefining ngerman shorthand "|
(babel)             in language  on input line 30.
Package babel Info: Redefining ngerman shorthand "~
(babel)             in language  on input line 30.
 [2

] (main.toc)
\tf@toc=\write7
\openout7 = `main.toc'.

Package babel Info: Redefining ngerman shorthand "|
(babel)             in language  on input line 33.
Package babel Info: Redefining ngerman shorthand "~
(babel)             in language  on input line 33.
Package babel Info: Redefining ngerman shorthand "|
(babel)             in language  on input line 33.
Package babel Info: Redefining ngerman shorthand "~
(babel)             in language  on input line 33.
 [3]
Package babel Info: Redefining ngerman shorthand "|
(babel)             in language  on input line 35.
Package babel Info: Redefining ngerman shorthand "~
(babel)             in language  on input line 35.
LaTeX Font Info:    Try loading font information for OMS+cmr on input line 41.

("C:\Users\Nils\AppData\Local\Programs\MiKTeX 2.9\tex\latex\base\omscmr.fd"
File: omscmr.fd 2014/09/29 v2.5h Standard LaTeX font definitions
)
LaTeX Font Info:    Font shape `OMS/cmr/m/n' in size <10> not available
(Font)              Font shape `OMS/cmsy/m/n' tried instead on input line 41.
Package babel Info: Redefining ngerman shorthand "|
(babel)             in language  on input line 55.
Package babel Info: Redefining ngerman shorthand "~
(babel)             in language  on input line 55.
Package babel Info: Redefining ngerman shorthand "|
(babel)             in language  on input line 55.
Package babel Info: Redefining ngerman shorthand "~
(babel)             in language  on input line 55.

[4]
Package babel Info: Redefining ngerman shorthand "|
(babel)             in language  on input line 57.
Package babel Info: Redefining ngerman shorthand "~
(babel)             in language  on input line 57.

Underfull \hbox (badness 10000) in paragraph at lines 89--90

 []

Package babel Info: Redefining ngerman shorthand "|
(babel)             in language  on input line 99.
Package babel Info: Redefining ngerman shorthand "~
(babel)             in language  on input line 99.
Package babel Info: Redefining ngerman shorthand "|
(babel)             in language  on input line 99.
Package babel Info: Redefining ngerman shorthand "~
(babel)             in language  on input line 99.
[5]
Package babel Info: Redefining ngerman shorthand "|
(babel)             in language  on input line 101.
Package babel Info: Redefining ngerman shorthand "~
(babel)             in language  on input line 101.

Underfull \hbox (badness 10000) in paragraph at lines 111--112

 []

Package babel Info: Redefining ngerman shorthand "|
(babel)             in language  on input line 113.
Package babel Info: Redefining ngerman shorthand "~
(babel)             in language  on input line 113.
Package babel Info: Redefining ngerman shorthand "|
(babel)             in language  on input line 113.
Package babel Info: Redefining ngerman shorthand "~
(babel)             in language  on input line 113.
[6]
Package babel Info: Redefining ngerman shorthand "|
(babel)             in language  on input line 115.
Package babel Info: Redefining ngerman shorthand "~
(babel)             in language  on input line 115.

("C:\Users\Nils\AppData\Local\Programs\MiKTeX 2.9\tex\latex\listings\lstlang1.s
ty"
File: lstlang1.sty 2015/06/04 1.6 listings language file
)
("C:\Users\Nils\AppData\Local\Programs\MiKTeX 2.9\tex\latex\listings\lstmisc.st
y"
File: lstmisc.sty 2015/06/04 1.6 (Carsten Heinz)
)
LaTeX Font Info:    Try loading font information for T1+fvm on input line 120.
 ("C:\Users\Nils\AppData\Local\Programs\MiKTeX 2.9\tex\latex\bera\t1fvm.fd"
File: t1fvm.fd 2004/09/07 scalable font definitions for T1/fvm.
) (../code/variante1.txt
LaTeX Font Info:    Font shape `T1/fvm/m/it' in size <8> not available
(Font)              Font shape `T1/fvm/m/sl' tried instead on input line 1.
LaTeX Font Info:    Font shape `T1/fvm/bx/n' in size <8> not available
(Font)              Font shape `T1/fvm/b/n' tried instead on input line 28.
Package babel Info: Redefining ngerman shorthand "|
(babel)             in language  on input line 60.
Package babel Info: Redefining ngerman shorthand "~
(babel)             in language  on input line 60.
Package babel Info: Redefining ngerman shorthand "|
(babel)             in language  on input line 60.
Package babel Info: Redefining ngerman shorthand "~
(babel)             in language  on input line 60.
 [7])
Package babel Info: Redefining ngerman shorthand "|
(babel)             in language  on input line 122.
Package babel Info: Redefining ngerman shorthand "~
(babel)             in language  on input line 122.
Package babel Info: Redefining ngerman shorthand "|
(babel)             in language  on input line 122.
Package babel Info: Redefining ngerman shorthand "~
(babel)             in language  on input line 122.
 [8]
Package babel Info: Redefining ngerman shorthand "|
(babel)             in language  on input line 124.
Package babel Info: Redefining ngerman shorthand "~
(babel)             in language  on input line 124.
Package babel Info: Redefining ngerman shorthand "|
(babel)             in language  on input line 139.
Package babel Info: Redefining ngerman shorthand "~
(babel)             in language  on input line 139.
Package babel Info: Redefining ngerman shorthand "|
(babel)             in language  on input line 139.
Package babel Info: Redefining ngerman shorthand "~
(babel)             in language  on input line 139.
 [9]
Package babel Info: Redefining ngerman shorthand "|
(babel)             in language  on input line 141.
Package babel Info: Redefining ngerman shorthand "~
(babel)             in language  on input line 141.

<../Bilder/Aufgabe1/Variante1.png, id=313, 481.8pt x 234.8775pt>
File: ../Bilder/Aufgabe1/Variante1.png Graphic file (type png)

<use ../Bilder/Aufgabe1/Variante1.png>
Package pdftex.def Info: ../Bilder/Aufgabe1/Variante1.png used on input line 14
7.
(pdftex.def)             Requested size: 416.83289pt x 203.21283pt.
Package babel Info: Redefining ngerman shorthand "|
(babel)             in language  on input line 154.
Package babel Info: Redefining ngerman shorthand "~
(babel)             in language  on input line 154.
Package babel Info: Redefining ngerman shorthand "|
(babel)             in language  on input line 154.
Package babel Info: Redefining ngerman shorthand "~
(babel)             in language  on input line 154.
 [10 <../Bilder/Aufgabe1/Variante1.png (PNG copy)>] <../Bilder/Aufgabe1/Variant
e2.png, id=319, 481.8pt x 234.8775pt>
File: ../Bilder/Aufgabe1/Variante2.png Graphic file (type png)

<use ../Bilder/Aufgabe1/Variante2.png>
Package pdftex.def Info: ../Bilder/Aufgabe1/Variante2.png used on input line 15
8.
(pdftex.def)             Requested size: 416.83289pt x 203.21283pt.
Package babel Info: Redefining ngerman shorthand "|
(babel)             in language  on input line 165.
Package babel Info: Redefining ngerman shorthand "~
(babel)             in language  on input line 165.
Package babel Info: Redefining ngerman shorthand "|
(babel)             in language  on input line 165.
Package babel Info: Redefining ngerman shorthand "~
(babel)             in language  on input line 165.
 [11 <../Bilder/Aufgabe1/Variante2.png (PNG copy)>] <../../Bilder/Variante3.png
, id=326, 481.8pt x 234.8775pt>
File: ../../Bilder/Variante3.png Graphic file (type png)

<use ../../Bilder/Variante3.png>
Package pdftex.def Info: ../../Bilder/Variante3.png used on input line 169.
(pdftex.def)             Requested size: 416.83289pt x 203.21283pt.
Package babel Info: Redefining ngerman shorthand "|
(babel)             in language  on input line 176.
Package babel Info: Redefining ngerman shorthand "~
(babel)             in language  on input line 176.
Package babel Info: Redefining ngerman shorthand "|
(babel)             in language  on input line 176.
Package babel Info: Redefining ngerman shorthand "~
(babel)             in language  on input line 176.
 [12 <../../Bilder/Variante3.png (PNG copy)>]
<../../Bilder/Variante4.png, id=334, 481.8pt x 234.8775pt>
File: ../../Bilder/Variante4.png Graphic file (type png)

<use ../../Bilder/Variante4.png>
Package pdftex.def Info: ../../Bilder/Variante4.png used on input line 180.
(pdftex.def)             Requested size: 416.83289pt x 203.21283pt.
Package babel Info: Redefining ngerman shorthand "|
(babel)             in language  on input line 188.
Package babel Info: Redefining ngerman shorthand "~
(babel)             in language  on input line 188.
Package babel Info: Redefining ngerman shorthand "|
(babel)             in language  on input line 188.
Package babel Info: Redefining ngerman shorthand "~
(babel)             in language  on input line 188.
 [13 <../../Bilder/Variante4.png (PNG copy)>]
Package babel Info: Redefining ngerman shorthand "|
(babel)             in language  on input line 189.
Package babel Info: Redefining ngerman shorthand "~
(babel)             in language  on input line 189.

<../Bilder/Oszilloskop_Manuel.png, id=341, 580.3281pt x 827.7324pt>
File: ../Bilder/Oszilloskop_Manuel.png Graphic file (type png)

<use ../Bilder/Oszilloskop_Manuel.png>
Package pdftex.def Info: ../Bilder/Oszilloskop_Manuel.png used on input line 19
2.
(pdftex.def)             Requested size: 333.46758pt x 475.63931pt.
Package babel Info: Redefining ngerman shorthand "|
(babel)             in language  on input line 198.
Package babel Info: Redefining ngerman shorthand "~
(babel)             in language  on input line 198.
Package babel Info: Redefining ngerman shorthand "|
(babel)             in language  on input line 198.
Package babel Info: Redefining ngerman shorthand "~
(babel)             in language  on input line 198.
 [14 <../Bilder/Oszilloskop_Manuel.png>]
Package babel Info: Redefining ngerman shorthand "|
(babel)             in language  on input line 200.
Package babel Info: Redefining ngerman shorthand "~
(babel)             in language  on input line 200.
Package babel Info: Redefining ngerman shorthand "|
(babel)             in language  on input line 204.
Package babel Info: Redefining ngerman shorthand "~
(babel)             in language  on input line 204.
Package babel Info: Redefining ngerman shorthand "|
(babel)             in language  on input line 205.
Package babel Info: Redefining ngerman shorthand "~
(babel)             in language  on input line 205.
Package babel Info: Redefining ngerman shorthand "|
(babel)             in language  on input line 233.
Package babel Info: Redefining ngerman shorthand "~
(babel)             in language  on input line 233.
Package babel Info: Redefining ngerman shorthand "|
(babel)             in language  on input line 233.
Package babel Info: Redefining ngerman shorthand "~
(babel)             in language  on input line 233.

[15]
Package babel Info: Redefining ngerman shorthand "|
(babel)             in language  on input line 235.
Package babel Info: Redefining ngerman shorthand "~
(babel)             in language  on input line 235.
 (../code/datenausgabe.txt
Package babel Info: Redefining ngerman shorthand "|
(babel)             in language  on input line 62.
Package babel Info: Redefining ngerman shorthand "~
(babel)             in language  on input line 62.
Package babel Info: Redefining ngerman shorthand "|
(babel)             in language  on input line 62.
Package babel Info: Redefining ngerman shorthand "~
(babel)             in language  on input line 62.
 [16]
Overfull \hbox (6.78229pt too wide) in paragraph at lines 96--97
[][][][][][][][][][][][][][][][][][][][][][][][][][][][][][][][][][][][][][][][
][][][][][][][][][][][][][][][] 
 []

)
Package babel Info: Redefining ngerman shorthand "|
(babel)             in language  on input line 240.
Package babel Info: Redefining ngerman shorthand "~
(babel)             in language  on input line 240.
 <../nassischneider/Datenausgabe_pdf.pdf, id=419, 597.23125pt x 793.96625pt>
File: ../nassischneider/Datenausgabe_pdf.pdf Graphic file (type pdf)

<use ../nassischneider/Datenausgabe_pdf.pdf>
Package pdftex.def Info: ../nassischneider/Datenausgabe_pdf.pdf used on input l
ine 244.
(pdftex.def)             Requested size: 375.14705pt x 498.72336pt.
Package babel Info: Redefining ngerman shorthand "|
(babel)             in language  on input line 248.
Package babel Info: Redefining ngerman shorthand "~
(babel)             in language  on input line 248.
Package babel Info: Redefining ngerman shorthand "|
(babel)             in language  on input line 248.
Package babel Info: Redefining ngerman shorthand "~
(babel)             in language  on input line 248.
 [17]
Package babel Info: Redefining ngerman shorthand "|
(babel)             in language  on input line 249.
Package babel Info: Redefining ngerman shorthand "~
(babel)             in language  on input line 249.
Package babel Info: Redefining ngerman shorthand "|
(babel)             in language  on input line 249.
Package babel Info: Redefining ngerman shorthand "~
(babel)             in language  on input line 249.
 [18 <../nassischneider/Datenausgabe_pdf.pdf>]
Package babel Info: Redefining ngerman shorthand "|
(babel)             in language  on input line 250.
Package babel Info: Redefining ngerman shorthand "~
(babel)             in language  on input line 250.
Package babel Info: Redefining ngerman shorthand "|
(babel)             in language  on input line 254.
Package babel Info: Redefining ngerman shorthand "~
(babel)             in language  on input line 254.
Package babel Info: Redefining ngerman shorthand "|
(babel)             in language  on input line 254.
Package babel Info: Redefining ngerman shorthand "~
(babel)             in language  on input line 254.
 [19]
Package babel Info: Redefining ngerman shorthand "|
(babel)             in language  on input line 256.
Package babel Info: Redefining ngerman shorthand "~
(babel)             in language  on input line 256.
Package babel Info: Redefining ngerman shorthand "|
(babel)             in language  on input line 258.
Package babel Info: Redefining ngerman shorthand "~
(babel)             in language  on input line 258.
Package babel Info: Redefining ngerman shorthand "|
(babel)             in language  on input line 271.
Package babel Info: Redefining ngerman shorthand "~
(babel)             in language  on input line 271.
Package babel Info: Redefining ngerman shorthand "|
(babel)             in language  on input line 276.
Package babel Info: Redefining ngerman shorthand "~
(babel)             in language  on input line 276.
Package babel Info: Redefining ngerman shorthand "|
(babel)             in language  on input line 276.
Package babel Info: Redefining ngerman shorthand "~
(babel)             in language  on input line 276.
 [20]
Package babel Info: Redefining ngerman shorthand "|
(babel)             in language  on input line 278.
Package babel Info: Redefining ngerman shorthand "~
(babel)             in language  on input line 278.

<../Bilder/Struktogramm_Dateneingabe.png, id=478, 418.56375pt x 1125.20375pt>
File: ../Bilder/Struktogramm_Dateneingabe.png Graphic file (type png)

<use ../Bilder/Struktogramm_Dateneingabe.png>
Package pdftex.def Info: ../Bilder/Struktogramm_Dateneingabe.png used on input 
line 282.
(pdftex.def)             Requested size: 208.41644pt x 560.26549pt.
Package babel Info: Redefining ngerman shorthand "|
(babel)             in language  on input line 287.
Package babel Info: Redefining ngerman shorthand "~
(babel)             in language  on input line 287.
Package babel Info: Redefining ngerman shorthand "|
(babel)             in language  on input line 287.
Package babel Info: Redefining ngerman shorthand "~
(babel)             in language  on input line 287.
 [21 <../Bilder/Struktogramm_Dateneingabe.png>] (../code/dateneingabe.txt
Package babel Info: Redefining ngerman shorthand "|
(babel)             in language  on input line 65.
Package babel Info: Redefining ngerman shorthand "~
(babel)             in language  on input line 65.
Package babel Info: Redefining ngerman shorthand "|
(babel)             in language  on input line 65.
Package babel Info: Redefining ngerman shorthand "~
(babel)             in language  on input line 65.
 [22]
Package babel Info: Redefining ngerman shorthand "|
(babel)             in language  on input line 130.
Package babel Info: Redefining ngerman shorthand "~
(babel)             in language  on input line 130.
Package babel Info: Redefining ngerman shorthand "|
(babel)             in language  on input line 130.
Package babel Info: Redefining ngerman shorthand "~
(babel)             in language  on input line 130.
 [23])
Package babel Info: Redefining ngerman shorthand "|
(babel)             in language  on input line 291.
Package babel Info: Redefining ngerman shorthand "~
(babel)             in language  on input line 291.
 (main.bbl)
Package atveryend Info: Empty hook `BeforeClearDocument' on input line 298.
Package babel Info: Redefining ngerman shorthand "|
(babel)             in language  on input line 298.
Package babel Info: Redefining ngerman shorthand "~
(babel)             in language  on input line 298.
Package babel Info: Redefining ngerman shorthand "|
(babel)             in language  on input line 298.
Package babel Info: Redefining ngerman shorthand "~
(babel)             in language  on input line 298.
 [24]
Package atveryend Info: Empty hook `AfterLastShipout' on input line 298.
 (main.aux
(titlepage.aux))
Package atveryend Info: Executing hook `AtVeryEndDocument' on input line 298.
Package atveryend Info: Executing hook `AtEndAfterFileList' on input line 298.
Package rerunfilecheck Info: File `main.out' has not changed.
(rerunfilecheck)             Checksum: 33FBE145EE78CAFA898D654880DA7C7C;1381.
Package atveryend Info: Empty hook `AtVeryVeryEnd' on input line 298.
 ) 
Here is how much of TeX's memory you used:
 11502 strings out of 493634
 170684 string characters out of 3135647
 369198 words of memory out of 3000000
 14254 multiletter control sequences out of 15000+200000
 22957 words of font info for 50 fonts, out of 3000000 for 9000
 1025 hyphenation exceptions out of 8191
 47i,13n,59p,679b,2056s stack positions out of 5000i,500n,10000p,200000b,50000s
 <C:\Users\Nils\AppData\Local\MiKTeX\2.9\fonts\pk\ljfour\jknappen\ec\dpi600\e
cti0700.pk> <C:\Users\Nils\AppData\Local\MiKTeX\2.9\fonts\pk\ljfour\jknappen\ec
\dpi600\ecti1000.pk>{C:/Users/Nils/AppData/Local/Programs/MiKTeX 2.9/fonts/enc/
dvips/fontname/8r.enc} <C:\Users\Nils\AppData\Local\MiKTeX\2.9\fonts\pk\ljfour\
jknappen\ec\dpi600\ecbx1000.pk> <C:\Users\Nils\AppData\Local\MiKTeX\2.9\fonts\p
k\ljfour\jknappen\ec\dpi600\ecsx1200.pk> <C:\Users\Nils\AppData\Local\MiKTeX\2.
9\fonts\pk\ljfour\jknappen\ec\dpi600\ecrm0800.pk> <C:\Users\Nils\AppData\Local\
MiKTeX\2.9\fonts\pk\ljfour\jknappen\ec\dpi600\ecrm0600.pk> <C:\Users\Nils\AppDa
ta\Local\MiKTeX\2.9\fonts\pk\ljfour\jknappen\ec\dpi600\ecrm0700.pk> <C:\Users\N
ils\AppData\Local\MiKTeX\2.9\fonts\pk\ljfour\jknappen\ec\dpi600\ecbi1000.pk> <C
:\Users\Nils\AppData\Local\MiKTeX\2.9\fonts\pk\ljfour\jknappen\ec\dpi600\ecsx10
00.pk> <C:\Users\Nils\AppData\Local\MiKTeX\2.9\fonts\pk\ljfour\jknappen\ec\dpi6
00\ecrm1000.pk> <C:\Users\Nils\AppData\Local\MiKTeX\2.9\fonts\pk\ljfour\jknappe
n\ec\dpi600\ecsx1440.pk> <C:\Users\Nils\AppData\Local\MiKTeX\2.9\fonts\pk\ljfou
r\jknappen\ec\dpi600\ecrm0900.pk> <C:\Users\Nils\AppData\Local\MiKTeX\2.9\fonts
\pk\ljfour\jknappen\ec\dpi600\ecbx0900.pk> <C:\Users\Nils\AppData\Local\MiKTeX\
2.9\fonts\pk\ljfour\jknappen\ec\dpi600\ecbx1440.pk> <C:\Users\Nils\AppData\Loca
l\MiKTeX\2.9\fonts\pk\ljfour\jknappen\ec\dpi600\ecbx2074.pk> <C:\Users\Nils\App
Data\Local\MiKTeX\2.9\fonts\pk\ljfour\jknappen\ec\dpi600\ecrm0500.pk><C:/Users/
Nils/AppData/Local/Programs/MiKTeX 2.9/fonts/type1/public/amsfonts/cm/cmmi10.pf
b><C:/Users/Nils/AppData/Local/Programs/MiKTeX 2.9/fonts/type1/public/amsfonts/
cm/cmmi7.pfb><C:/Users/Nils/AppData/Local/Programs/MiKTeX 2.9/fonts/type1/publi
c/amsfonts/cm/cmr10.pfb><C:/Users/Nils/AppData/Local/Programs/MiKTeX 2.9/fonts/
type1/public/amsfonts/cm/cmsy10.pfb><C:/Users/Nils/AppData/Local/Programs/MiKTe
X 2.9/fonts/type1/bera/fvmb8a.pfb><C:/Users/Nils/AppData/Local/Programs/MiKTeX 
2.9/fonts/type1/bera/fvmr8a.pfb><C:/Users/Nils/AppData/Local/Programs/MiKTeX 2.
9/fonts/type1/bera/fvmro8a.pfb><C:/Users/Nils/AppData/Local/Programs/MiKTeX 2.9
/fonts/type1/public/amsfonts/latxfont/lcircle1.pfb>
Output written on main.pdf (24 pages, 1947025 bytes).
PDF statistics:
 1293 PDF objects out of 1440 (max. 8388607)
 431 named destinations out of 1000 (max. 500000)
 185 words of extra memory for PDF output out of 10000 (max. 10000000)

